[debug] [2025-03-26T08:15:08.109Z] ----------------------------------------------------------------------
[debug] [2025-03-26T08:15:08.116Z] Command:       C:\Program Files\nodejs\node.exe C:\Users\Imran Rain\AppData\Roaming\npm\node_modules\firebase-tools\lib\bin\firebase.js init
[debug] [2025-03-26T08:15:08.117Z] CLI Version:   13.35.1
[debug] [2025-03-26T08:15:08.117Z] Platform:      win32
[debug] [2025-03-26T08:15:08.118Z] Node Version:  v20.15.1
[debug] [2025-03-26T08:15:08.118Z] Time:          Wed Mar 26 2025 14:00:08 GMT+0545 (Nepal Time)
[debug] [2025-03-26T08:15:08.119Z] ----------------------------------------------------------------------
[debug] 
[debug] [2025-03-26T08:15:08.743Z] > command requires scopes: ["email","openid","https://www.googleapis.com/auth/cloudplatformprojects.readonly","https://www.googleapis.com/auth/firebase","https://www.googleapis.com/auth/cloud-platform"]
[debug] [2025-03-26T08:15:08.744Z] > authorizing via signed-in user (imranrain288@gmail.com)
[info] 
     ######## #### ########  ######## ########     ###     ######  ########
     ##        ##  ##     ## ##       ##     ##  ##   ##  ##       ##
     ######    ##  ########  ######   ########  #########  ######  ######
     ##        ##  ##    ##  ##       ##     ## ##     ##       ## ##
     ##       #### ##     ## ######## ########  ##     ##  ######  ########

You're about to initialize a Firebase project in this directory:

  D:\noteapp

Before we get started, keep in mind:

  * You are initializing within an existing Firebase project directory

